<?xml version="1.0" encoding="UTF-8"?>
<!-- Generated by org.testng.reporters.JUnitXMLReporter -->
<testsuite hostname="R90FDWLP" ignored="3" name="ApplicationPageTest" tests="1" failures="0" timestamp="29 Jan 2019 14:45:14 GMT" time="32.637" errors="0">
  <testcase name="VerifyTIVLink" time="32.634" classname="com.ericsson.edos.dopuatautomation.testcases.applicationTest"/>
  <testcase name="VerifyApplicationPage" time="0.0" classname="com.ericsson.edos.dopuatautomation.testcases.applicationTest">
    <ignored/>
  </testcase> <!-- VerifyApplicationPage -->
  <testcase name="VerifyEdosDpLogo" time="0.0" classname="com.ericsson.edos.dopuatautomation.testcases.applicationTest">
    <ignored/>
  </testcase> <!-- VerifyEdosDpLogo -->
  <testcase name="RasterClick" time="0.0" classname="com.ericsson.edos.dopuatautomation.testcases.applicationTest">
    <ignored/>
  </testcase> <!-- RasterClick -->
</testsuite> <!-- ApplicationPageTest -->
