<?xml version="1.0" encoding="UTF-8"?>
<!-- Generated by org.testng.reporters.JUnitXMLReporter -->
<testsuite hostname="R90FDWLP" ignored="0" name="LoginPageTest" tests="7" failures="0" timestamp="29 Jan 2019 14:44:41 GMT" time="17.441" errors="0">
  <testcase name="EdosLogo1Test" time="2.034" classname="com.ericsson.edos.dopuatautomation.testcases.LoginPageTest"/>
  <testcase name="EdosLogo2Test" time="2.038" classname="com.ericsson.edos.dopuatautomation.testcases.LoginPageTest"/>
  <testcase name="EdosLogoText1Test" time="2.037" classname="com.ericsson.edos.dopuatautomation.testcases.LoginPageTest"/>
  <testcase name="EdosLogoText2Test" time="2.031" classname="com.ericsson.edos.dopuatautomation.testcases.LoginPageTest"/>
  <testcase name="SetusernameTest" time="2.103" classname="com.ericsson.edos.dopuatautomation.testcases.LoginPageTest"/>
  <testcase name="SetUserPasswordTest" time="2.097" classname="com.ericsson.edos.dopuatautomation.testcases.LoginPageTest"/>
  <testcase name="ClickEnterButtonTest" time="2.076" classname="com.ericsson.edos.dopuatautomation.testcases.LoginPageTest"/>
</testsuite> <!-- LoginPageTest -->
