<?xml version="1.0" encoding="UTF-8"?>
<!-- Generated by org.testng.reporters.JUnitXMLReporter -->
<testsuite ignored="0" hostname="R90FDWLP" failures="0" tests="2" name="TivTest" time="950.032" errors="0" timestamp="29 Jan 2019 09:45:30 GMT">
  <testcase classname="com.ericsson.edos.dopuatautomation.testcases.EdosTraceInputValidationTest" name="VerifyTIVHeaderText" time="7.041"/>
  <testcase classname="com.ericsson.edos.dopuatautomation.testcases.EdosTraceInputValidationTest" name="VerifyTIVStartTimeText" time="942.985"/>
</testsuite> <!-- TivTest -->
