<?xml version="1.0" encoding="UTF-8"?>
<!-- Generated by org.testng.reporters.JUnitXMLReporter -->
<testsuite hostname="5CG4503MCF" ignored="4" name="ApplicationPageTest" tests="1" failures="0" timestamp="12 Mar 2019 11:11:56 GMT" time="22.815" errors="0">
  <testcase name="VerifyCMPMDashboard" time="22.809" classname="com.ericsson.edos.dopuatautomation.testcases.applicationTest"/>
  <testcase name="VerifyTIVLink" time="0.0" classname="com.ericsson.edos.dopuatautomation.testcases.applicationTest">
    <ignored/>
  </testcase> <!-- VerifyTIVLink -->
  <testcase name="VerifyApplicationPage" time="0.0" classname="com.ericsson.edos.dopuatautomation.testcases.applicationTest">
    <ignored/>
  </testcase> <!-- VerifyApplicationPage -->
  <testcase name="VerifyEdosDpLogo" time="0.0" classname="com.ericsson.edos.dopuatautomation.testcases.applicationTest">
    <ignored/>
  </testcase> <!-- VerifyEdosDpLogo -->
  <testcase name="RasterClick" time="0.0" classname="com.ericsson.edos.dopuatautomation.testcases.applicationTest">
    <ignored/>
  </testcase> <!-- RasterClick -->
</testsuite> <!-- ApplicationPageTest -->
