<?xml version="1.0" encoding="UTF-8"?>
<!-- Generated by org.testng.reporters.JUnitXMLReporter -->
<testsuite hostname="5CG4503MCF" ignored="0" name="BouyguesPageTest" tests="8" failures="1" timestamp="12 Mar 2019 11:21:23 GMT" time="562.642" errors="0">
  <testcase name="VerifyAllTitleTest" time="62.098" classname="com.ericsson.edos.dopuatautomation.testcases.BouyguesTest"/>
  <testcase name="VerifyenodeBUtranCellTest" time="64.65" classname="com.ericsson.edos.dopuatautomation.testcases.BouyguesTest"/>
  <testcase name="ValidateSearchingForCell" time="52.31" classname="com.ericsson.edos.dopuatautomation.testcases.BouyguesTest"/>
  <testcase name="VerifyCounterAddedQBReportinTable" time="64.266" classname="com.ericsson.edos.dopuatautomation.testcases.BouyguesTest"/>
  <testcase name="VerifyQBReportinTable" time="318.627" classname="com.ericsson.edos.dopuatautomation.testcases.BouyguesTest">
    <failure type="java.lang.AssertionError" message="Table Doesn&amp;apos;t Contains the Slected counter and Dates filtred expected [true] but found [false]">
      <![CDATA[java.lang.AssertionError: Table Doesn't Contains the Slected counter and Dates filtred expected [true] but found [false]
	at com.ericsson.edos.dopuatautomation.testcases.BouyguesTest.VerifyQBReportinTable(BouyguesTest.java:377)
... Removed 28 stack frames]]>
    </failure>
  </testcase> <!-- VerifyQBReportinTable -->
  <testcase name="VerifyExportToExcel" time="0.0" classname="com.ericsson.edos.dopuatautomation.testcases.BouyguesTest">
    <skipped/>
  </testcase> <!-- VerifyExportToExcel -->
  <testcase name="VerifyExportToCSV" time="0.0" classname="com.ericsson.edos.dopuatautomation.testcases.BouyguesTest">
    <skipped/>
  </testcase> <!-- VerifyExportToCSV -->
  <testcase name="VerifyExportToTemplate" time="0.0" classname="com.ericsson.edos.dopuatautomation.testcases.BouyguesTest">
    <skipped/>
  </testcase> <!-- VerifyExportToTemplate -->
</testsuite> <!-- BouyguesPageTest -->
