<?xml version="1.0" encoding="UTF-8"?>
<!-- Generated by org.testng.reporters.JUnitXMLReporter -->
<testsuite hostname="5CG4503MCF" ignored="0" name="LoginPageTest" tests="7" failures="0" timestamp="12 Mar 2019 11:11:33 GMT" time="18.17" errors="0">
  <testcase name="EdosLogo1Test" time="2.032" classname="com.ericsson.edos.dopuatautomation.testcases.LoginPageTest"/>
  <testcase name="EdosLogo2Test" time="2.032" classname="com.ericsson.edos.dopuatautomation.testcases.LoginPageTest"/>
  <testcase name="EdosLogoText1Test" time="2.033" classname="com.ericsson.edos.dopuatautomation.testcases.LoginPageTest"/>
  <testcase name="EdosLogoText2Test" time="2.04" classname="com.ericsson.edos.dopuatautomation.testcases.LoginPageTest"/>
  <testcase name="SetusernameTest" time="2.796" classname="com.ericsson.edos.dopuatautomation.testcases.LoginPageTest"/>
  <testcase name="SetUserPasswordTest" time="2.131" classname="com.ericsson.edos.dopuatautomation.testcases.LoginPageTest"/>
  <testcase name="ClickEnterButtonTest" time="2.1" classname="com.ericsson.edos.dopuatautomation.testcases.LoginPageTest"/>
</testsuite> <!-- LoginPageTest -->
