<?xml version="1.0" encoding="UTF-8"?>
<!-- Generated by org.testng.reporters.JUnitXMLReporter -->
<testsuite hostname="R90FDWLP" ignored="0" name="RasterPageTest" tests="2" failures="0" timestamp="29 Jan 2019 14:43:56 GMT" time="208.808" errors="0">
  <testcase name="ValidtionofRasterPortal" time="42.263" classname="com.ericsson.edos.dopuatautomation.testcases.RasterTest"/>
  <testcase name="ValidtionofTopologyLayer" time="166.54" classname="com.ericsson.edos.dopuatautomation.testcases.RasterTest"/>
</testsuite> <!-- RasterPageTest -->
